# JRE version: OpenJDK Runtime Environment (8.0_152-b01) (build 1.8.0_152-release-1024-b01)
# Java VM: OpenJDK 64-Bit Server VM (25.152-b01 mixed mode linux-amd64 compressed oops)
Heap:
 PSYoungGen      total 349696K, used 8669K [0x00000000e0000000, 0x0000000100000000, 0x0000000100000000)
  eden space 175104K, 0% used [0x00000000e0000000,0x00000000e0000000,0x00000000eab00000)
  from space 174592K, 4% used [0x00000000f5580000,0x00000000f5df7480,0x0000000100000000)
  to   space 174592K, 0% used [0x00000000eab00000,0x00000000eab00000,0x00000000f5580000)
 ParOldGen       total 848384K, used 847990K [0x00000000a0000000, 0x00000000d3c80000, 0x00000000e0000000)
  object space 848384K, 99% used [0x00000000a0000000,0x00000000d3c1da68,0x00000000d3c80000)
 Metaspace       used 87773K, capacity 90310K, committed 92928K, reserved 1130496K
  class space    used 10847K, capacity 11518K, committed 12288K, reserved 1048576K
GC Heap History (10 events):
Event: 175,592 GC heap after
Heap after GC invocations=49 (full 10):
 PSYoungGen      total 368128K, used 107826K [0x00000000e0000000, 0x0000000100000000, 0x0000000100000000)
  eden space 228352K, 0% used [0x00000000e0000000,0x00000000e0000000,0x00000000edf00000)
  from space 139776K, 77% used [0x00000000f7780000,0x00000000fe0ccbb0,0x0000000100000000)
  to   space 147968K, 0% used [0x00000000edf00000,0x00000000edf00000,0x00000000f6f80000)
 ParOldGen       total 848384K, used 647737K [0x00000000a0000000, 0x00000000d3c80000, 0x00000000e0000000)
  object space 848384K, 76% used [0x00000000a0000000,0x00000000c788e790,0x00000000d3c80000)
 Metaspace       used 87507K, capacity 90054K, committed 92928K, reserved 1130496K
  class space    used 10834K, capacity 11518K, committed 12288K, reserved 1048576K
}
Event: 176,117 GC heap before
{Heap before GC invocations=50 (full 10):
 PSYoungGen      total 368128K, used 336178K [0x00000000e0000000, 0x0000000100000000, 0x0000000100000000)
  eden space 228352K, 100% used [0x00000000e0000000,0x00000000edf00000,0x00000000edf00000)
  from space 139776K, 77% used [0x00000000f7780000,0x00000000fe0ccbb0,0x0000000100000000)
  to   space 147968K, 0% used [0x00000000edf00000,0x00000000edf00000,0x00000000f6f80000)
 ParOldGen       total 848384K, used 647737K [0x00000000a0000000, 0x00000000d3c80000, 0x00000000e0000000)
  object space 848384K, 76% used [0x00000000a0000000,0x00000000c788e790,0x00000000d3c80000)
 Metaspace       used 87556K, capacity 90118K, committed 92928K, reserved 1130496K
  class space    used 10836K, capacity 11518K, committed 12288K, reserved 1048576K
Event: 176,234 GC heap after
Heap after GC invocations=50 (full 10):
 PSYoungGen      total 369664K, used 140999K [0x00000000e0000000, 0x0000000100000000, 0x0000000100000000)
  eden space 228352K, 0% used [0x00000000e0000000,0x00000000e0000000,0x00000000edf00000)
  from space 141312K, 99% used [0x00000000edf00000,0x00000000f68b1db0,0x00000000f6900000)
  to   space 154624K, 0% used [0x00000000f6900000,0x00000000f6900000,0x0000000100000000)
 ParOldGen       total 848384K, used 647745K [0x00000000a0000000, 0x00000000d3c80000, 0x00000000e0000000)
  object space 848384K, 76% used [0x00000000a0000000,0x00000000c7890790,0x00000000d3c80000)
 Metaspace       used 87556K, capacity 90118K, committed 92928K, reserved 1130496K
  class space    used 10836K, capacity 11518K, committed 12288K, reserved 1048576K
}
Event: 176,834 GC heap before
{Heap before GC invocations=51 (full 10):
 PSYoungGen      total 369664K, used 369351K [0x00000000e0000000, 0x0000000100000000, 0x0000000100000000)
  eden space 228352K, 100% used [0x00000000e0000000,0x00000000edf00000,0x00000000edf00000)
  from space 141312K, 99% used [0x00000000edf00000,0x00000000f68b1db0,0x00000000f6900000)
  to   space 154624K, 0% used [0x00000000f6900000,0x00000000f6900000,0x0000000100000000)
 ParOldGen       total 848384K, used 647745K [0x00000000a0000000, 0x00000000d3c80000, 0x00000000e0000000)
  object space 848384K, 76% used [0x00000000a0000000,0x00000000c7890790,0x00000000d3c80000)
 Metaspace       used 87563K, capacity 90118K, committed 92928K, reserved 1130496K
  class space    used 10836K, capacity 11518K, committed 12288K, reserved 1048576K
Event: 176,997 GC heap after
Heap after GC invocations=51 (full 10):
 PSYoungGen      total 329728K, used 154605K [0x00000000e0000000, 0x0000000100000000, 0x0000000100000000)
  eden space 175104K, 0% used [0x00000000e0000000,0x00000000e0000000,0x00000000eab00000)
  from space 154624K, 99% used [0x00000000f6900000,0x00000000ffffb6b8,0x0000000100000000)
  to   space 174592K, 0% used [0x00000000eab00000,0x00000000eab00000,0x00000000f5580000)
 ParOldGen       total 848384K, used 660449K [0x00000000a0000000, 0x00000000d3c80000, 0x00000000e0000000)
  object space 848384K, 77% used [0x00000000a0000000,0x00000000c84f84c0,0x00000000d3c80000)
 Metaspace       used 87563K, capacity 90118K, committed 92928K, reserved 1130496K
  class space    used 10836K, capacity 11518K, committed 12288K, reserved 1048576K
}
Event: 177,433 GC heap before
{Heap before GC invocations=52 (full 10):
 PSYoungGen      total 329728K, used 329709K [0x00000000e0000000, 0x0000000100000000, 0x0000000100000000)
  eden space 175104K, 100% used [0x00000000e0000000,0x00000000eab00000,0x00000000eab00000)
  from space 154624K, 99% used [0x00000000f6900000,0x00000000ffffb6b8,0x0000000100000000)
  to   space 174592K, 0% used [0x00000000eab00000,0x00000000eab00000,0x00000000f5580000)
 ParOldGen       total 848384K, used 660449K [0x00000000a0000000, 0x00000000d3c80000, 0x00000000e0000000)
  object space 848384K, 77% used [0x00000000a0000000,0x00000000c84f84c0,0x00000000d3c80000)
 Metaspace       used 87588K, capacity 90118K, committed 92928K, reserved 1130496K
  class space    used 10836K, capacity 11518K, committed 12288K, reserved 1048576K
Event: 178,455 GC heap after
Heap after GC invocations=52 (full 10):
 PSYoungGen      total 349696K, used 116334K [0x00000000e0000000, 0x0000000100000000, 0x0000000100000000)
  eden space 175104K, 0% used [0x00000000e0000000,0x00000000e0000000,0x00000000eab00000)
  from space 174592K, 66% used [0x00000000eab00000,0x00000000f1c9b9e8,0x00000000f5580000)
  to   space 174592K, 0% used [0x00000000f5580000,0x00000000f5580000,0x0000000100000000)
 ParOldGen       total 848384K, used 738794K [0x00000000a0000000, 0x00000000d3c80000, 0x00000000e0000000)
  object space 848384K, 87% used [0x00000000a0000000,0x00000000cd17a9d0,0x00000000d3c80000)
 Metaspace       used 87588K, capacity 90118K, committed 92928K, reserved 1130496K
  class space    used 10836K, capacity 11518K, committed 12288K, reserved 1048576K
}
Event: 178,929 GC heap before
{Heap before GC invocations=53 (full 10):
 PSYoungGen      total 349696K, used 291438K [0x00000000e0000000, 0x0000000100000000, 0x0000000100000000)
  eden space 175104K, 100% used [0x00000000e0000000,0x00000000eab00000,0x00000000eab00000)
  from space 174592K, 66% used [0x00000000eab00000,0x00000000f1c9b9e8,0x00000000f5580000)
  to   space 174592K, 0% used [0x00000000f5580000,0x00000000f5580000,0x0000000100000000)
 ParOldGen       total 848384K, used 738794K [0x00000000a0000000, 0x00000000d3c80000, 0x00000000e0000000)
  object space 848384K, 87% used [0x00000000a0000000,0x00000000cd17a9d0,0x00000000d3c80000)
 Metaspace       used 87773K, capacity 90310K, committed 92928K, reserved 1130496K
  class space    used 10847K, capacity 11518K, committed 12288K, reserved 1048576K
Event: 180,112 GC heap after
Heap after GC invocations=53 (full 10):
 PSYoungGen      total 349696K, used 79999K [0x00000000e0000000, 0x0000000100000000, 0x0000000100000000)
  eden space 175104K, 0% used [0x00000000e0000000,0x00000000e0000000,0x00000000eab00000)
  from space 174592K, 45% used [0x00000000f5580000,0x00000000fa39fef0,0x0000000100000000)
  to   space 174592K, 0% used [0x00000000eab00000,0x00000000eab00000,0x00000000f5580000)
 ParOldGen       total 848384K, used 804864K [0x00000000a0000000, 0x00000000d3c80000, 0x00000000e0000000)
  object space 848384K, 94% used [0x00000000a0000000,0x00000000d1200010,0x00000000d3c80000)
 Metaspace       used 87773K, capacity 90310K, committed 92928K, reserved 1130496K
  class space    used 10847K, capacity 11518K, committed 12288K, reserved 1048576K
}
Event: 180,112 GC heap before
{Heap before GC invocations=54 (full 11):
 PSYoungGen      total 349696K, used 79999K [0x00000000e0000000, 0x0000000100000000, 0x0000000100000000)
  eden space 175104K, 0% used [0x00000000e0000000,0x00000000e0000000,0x00000000eab00000)
  from space 174592K, 45% used [0x00000000f5580000,0x00000000fa39fef0,0x0000000100000000)
  to   space 174592K, 0% used [0x00000000eab00000,0x00000000eab00000,0x00000000f5580000)
 ParOldGen       total 848384K, used 804864K [0x00000000a0000000, 0x00000000d3c80000, 0x00000000e0000000)
  object space 848384K, 94% used [0x00000000a0000000,0x00000000d1200010,0x00000000d3c80000)
 Metaspace       used 87773K, capacity 90310K, committed 92928K, reserved 1130496K
  class space    used 10847K, capacity 11518K, committed 12288K, reserved 1048576K

